<?xml version="1.0" encoding="UTF-8"?>
<testsuite xmlns:xsi="http://www.w3.org/2001/XMLSchema-instance" xsi:noNamespaceSchemaLocation="https://maven.apache.org/surefire/maven-surefire-plugin/xsd/surefire-test-report.xsd" name="praktikum.LoginUserTest" time="0.904" tests="4" errors="1" skipped="0" failures="2">
  <properties>
    <property name="sun.desktop" value="windows"/>
    <property name="awt.toolkit" value="sun.awt.windows.WToolkit"/>
    <property name="java.specification.version" value="11"/>
    <property name="sun.cpu.isalist" value="amd64"/>
    <property name="sun.jnu.encoding" value="Cp1251"/>
    <property name="java.class.path" value="C:\Users\Евгений\Desktop\Diplom\Diplom_2\target\test-classes;C:\Users\Евгений\Desktop\Diplom\Diplom_2\target\classes;C:\Users\Евгений\.m2\repository\com\github\javafaker\javafaker\1.0.2\javafaker-1.0.2.jar;C:\Users\Евгений\.m2\repository\org\apache\commons\commons-lang3\3.5\commons-lang3-3.5.jar;C:\Users\Евгений\.m2\repository\org\yaml\snakeyaml\1.23\snakeyaml-1.23-android.jar;C:\Users\Евгений\.m2\repository\com\github\mifmif\generex\1.0.2\generex-1.0.2.jar;C:\Users\Евгений\.m2\repository\dk\brics\automaton\automaton\1.11-8\automaton-1.11-8.jar;C:\Users\Евгений\.m2\repository\io\rest-assured\rest-assured\5.2.0\rest-assured-5.2.0.jar;C:\Users\Евгений\.m2\repository\org\apache\groovy\groovy\4.0.1\groovy-4.0.1.jar;C:\Users\Евгений\.m2\repository\org\apache\groovy\groovy-xml\4.0.1\groovy-xml-4.0.1.jar;C:\Users\Евгений\.m2\repository\org\apache\httpcomponents\httpclient\4.5.13\httpclient-4.5.13.jar;C:\Users\Евгений\.m2\repository\org\apache\httpcomponents\httpcore\4.4.13\httpcore-4.4.13.jar;C:\Users\Евгений\.m2\repository\commons-logging\commons-logging\1.2\commons-logging-1.2.jar;C:\Users\Евгений\.m2\repository\commons-codec\commons-codec\1.11\commons-codec-1.11.jar;C:\Users\Евгений\.m2\repository\org\apache\httpcomponents\httpmime\4.5.13\httpmime-4.5.13.jar;C:\Users\Евгений\.m2\repository\org\hamcrest\hamcrest\2.1\hamcrest-2.1.jar;C:\Users\Евгений\.m2\repository\org\ccil\cowan\tagsoup\tagsoup\1.2.1\tagsoup-1.2.1.jar;C:\Users\Евгений\.m2\repository\io\rest-assured\json-path\5.2.0\json-path-5.2.0.jar;C:\Users\Евгений\.m2\repository\org\apache\groovy\groovy-json\4.0.1\groovy-json-4.0.1.jar;C:\Users\Евгений\.m2\repository\io\rest-assured\rest-assured-common\5.2.0\rest-assured-common-5.2.0.jar;C:\Users\Евгений\.m2\repository\io\rest-assured\xml-path\5.2.0\xml-path-5.2.0.jar;C:\Users\Евгений\.m2\repository\com\google\code\gson\gson\2.8.9\gson-2.8.9.jar;C:\Users\Евгений\.m2\repository\junit\junit\4.12\junit-4.12.jar;C:\Users\Евгений\.m2\repository\org\hamcrest\hamcrest-core\1.3\hamcrest-core-1.3.jar;C:\Users\Евгений\.m2\repository\io\qameta\allure\allure-junit4\2.15.0\allure-junit4-2.15.0.jar;C:\Users\Евгений\.m2\repository\io\qameta\allure\allure-java-commons\2.15.0\allure-java-commons-2.15.0.jar;C:\Users\Евгений\.m2\repository\org\slf4j\slf4j-api\1.7.30\slf4j-api-1.7.30.jar;C:\Users\Евгений\.m2\repository\io\qameta\allure\allure-model\2.15.0\allure-model-2.15.0.jar;C:\Users\Евгений\.m2\repository\io\qameta\allure\allure-rest-assured\2.15.0\allure-rest-assured-2.15.0.jar;C:\Users\Евгений\.m2\repository\io\qameta\allure\allure-attachments\2.15.0\allure-attachments-2.15.0.jar;C:\Users\Евгений\.m2\repository\org\freemarker\freemarker\2.3.31\freemarker-2.3.31.jar;"/>
    <property name="java.vm.vendor" value="Amazon.com Inc."/>
    <property name="sun.arch.data.model" value="64"/>
    <property name="user.variant" value=""/>
    <property name="java.vendor.url" value="https://aws.amazon.com/corretto/"/>
    <property name="user.timezone" value="Europe/Moscow"/>
    <property name="java.vm.specification.version" value="11"/>
    <property name="os.name" value="Windows 10"/>
    <property name="sun.java.launcher" value="SUN_STANDARD"/>
    <property name="user.country" value="RU"/>
    <property name="sun.boot.library.path" value="C:\Program Files\Amazon Corretto\jdk11.0.15_9\bin"/>
    <property name="sun.java.command" value="C:\Users\B7E3~1\AppData\Local\Temp\surefire1540678540194239925\surefirebooter3682735387642487792.jar C:\Users\Евгений\AppData\Local\Temp\surefire1540678540194239925 2022-12-17T12-43-53_784-jvmRun1 surefire17186678549514316615tmp surefire_04254170187374886568tmp"/>
    <property name="jdk.debug" value="release"/>
    <property name="surefire.test.class.path" value="C:\Users\Евгений\Desktop\Diplom\Diplom_2\target\test-classes;C:\Users\Евгений\Desktop\Diplom\Diplom_2\target\classes;C:\Users\Евгений\.m2\repository\com\github\javafaker\javafaker\1.0.2\javafaker-1.0.2.jar;C:\Users\Евгений\.m2\repository\org\apache\commons\commons-lang3\3.5\commons-lang3-3.5.jar;C:\Users\Евгений\.m2\repository\org\yaml\snakeyaml\1.23\snakeyaml-1.23-android.jar;C:\Users\Евгений\.m2\repository\com\github\mifmif\generex\1.0.2\generex-1.0.2.jar;C:\Users\Евгений\.m2\repository\dk\brics\automaton\automaton\1.11-8\automaton-1.11-8.jar;C:\Users\Евгений\.m2\repository\io\rest-assured\rest-assured\5.2.0\rest-assured-5.2.0.jar;C:\Users\Евгений\.m2\repository\org\apache\groovy\groovy\4.0.1\groovy-4.0.1.jar;C:\Users\Евгений\.m2\repository\org\apache\groovy\groovy-xml\4.0.1\groovy-xml-4.0.1.jar;C:\Users\Евгений\.m2\repository\org\apache\httpcomponents\httpclient\4.5.13\httpclient-4.5.13.jar;C:\Users\Евгений\.m2\repository\org\apache\httpcomponents\httpcore\4.4.13\httpcore-4.4.13.jar;C:\Users\Евгений\.m2\repository\commons-logging\commons-logging\1.2\commons-logging-1.2.jar;C:\Users\Евгений\.m2\repository\commons-codec\commons-codec\1.11\commons-codec-1.11.jar;C:\Users\Евгений\.m2\repository\org\apache\httpcomponents\httpmime\4.5.13\httpmime-4.5.13.jar;C:\Users\Евгений\.m2\repository\org\hamcrest\hamcrest\2.1\hamcrest-2.1.jar;C:\Users\Евгений\.m2\repository\org\ccil\cowan\tagsoup\tagsoup\1.2.1\tagsoup-1.2.1.jar;C:\Users\Евгений\.m2\repository\io\rest-assured\json-path\5.2.0\json-path-5.2.0.jar;C:\Users\Евгений\.m2\repository\org\apache\groovy\groovy-json\4.0.1\groovy-json-4.0.1.jar;C:\Users\Евгений\.m2\repository\io\rest-assured\rest-assured-common\5.2.0\rest-assured-common-5.2.0.jar;C:\Users\Евгений\.m2\repository\io\rest-assured\xml-path\5.2.0\xml-path-5.2.0.jar;C:\Users\Евгений\.m2\repository\com\google\code\gson\gson\2.8.9\gson-2.8.9.jar;C:\Users\Евгений\.m2\repository\junit\junit\4.12\junit-4.12.jar;C:\Users\Евгений\.m2\repository\org\hamcrest\hamcrest-core\1.3\hamcrest-core-1.3.jar;C:\Users\Евгений\.m2\repository\io\qameta\allure\allure-junit4\2.15.0\allure-junit4-2.15.0.jar;C:\Users\Евгений\.m2\repository\io\qameta\allure\allure-java-commons\2.15.0\allure-java-commons-2.15.0.jar;C:\Users\Евгений\.m2\repository\org\slf4j\slf4j-api\1.7.30\slf4j-api-1.7.30.jar;C:\Users\Евгений\.m2\repository\io\qameta\allure\allure-model\2.15.0\allure-model-2.15.0.jar;C:\Users\Евгений\.m2\repository\io\qameta\allure\allure-rest-assured\2.15.0\allure-rest-assured-2.15.0.jar;C:\Users\Евгений\.m2\repository\io\qameta\allure\allure-attachments\2.15.0\allure-attachments-2.15.0.jar;C:\Users\Евгений\.m2\repository\org\freemarker\freemarker\2.3.31\freemarker-2.3.31.jar;"/>
    <property name="sun.cpu.endian" value="little"/>
    <property name="allure.results.directory" value="C:\Users\Евгений\Desktop\Diplom\Diplom_2\target/allure-results"/>
    <property name="user.home" value="C:\Users\Евгений"/>
    <property name="user.language" value="ru"/>
    <property name="java.specification.vendor" value="Oracle Corporation"/>
    <property name="java.version.date" value="2022-04-19"/>
    <property name="java.home" value="C:\Program Files\Amazon Corretto\jdk11.0.15_9"/>
    <property name="file.separator" value="\"/>
    <property name="basedir" value="C:\Users\Евгений\Desktop\Diplom\Diplom_2"/>
    <property name="java.vm.compressedOopsMode" value="Zero based"/>
    <property name="line.separator" value="&#10;"/>
    <property name="java.specification.name" value="Java Platform API Specification"/>
    <property name="java.vm.specification.vendor" value="Oracle Corporation"/>
    <property name="java.awt.graphicsenv" value="sun.awt.Win32GraphicsEnvironment"/>
    <property name="surefire.real.class.path" value="C:\Users\B7E3~1\AppData\Local\Temp\surefire1540678540194239925\surefirebooter3682735387642487792.jar"/>
    <property name="user.script" value=""/>
    <property name="sun.management.compiler" value="HotSpot 64-Bit Tiered Compilers"/>
    <property name="java.runtime.version" value="11.0.15+9-LTS"/>
    <property name="user.name" value="Евгений"/>
    <property name="path.separator" value=";"/>
    <property name="os.version" value="10.0"/>
    <property name="java.runtime.name" value="OpenJDK Runtime Environment"/>
    <property name="file.encoding" value="Cp1251"/>
    <property name="java.vm.name" value="OpenJDK 64-Bit Server VM"/>
    <property name="java.vendor.version" value="Corretto-11.0.15.9.1"/>
    <property name="localRepository" value="C:\Users\Евгений\.m2\repository"/>
    <property name="java.vendor.url.bug" value="https://github.com/corretto/corretto-11/issues/"/>
    <property name="java.io.tmpdir" value="C:\Users\B7E3~1\AppData\Local\Temp\"/>
    <property name="idea.version" value="2022.1.3"/>
    <property name="java.version" value="11.0.15"/>
    <property name="user.dir" value="C:\Users\Евгений\Desktop\Diplom\Diplom_2"/>
    <property name="os.arch" value="amd64"/>
    <property name="java.vm.specification.name" value="Java Virtual Machine Specification"/>
    <property name="java.awt.printerjob" value="sun.awt.windows.WPrinterJob"/>
    <property name="sun.os.patch.level" value=""/>
    <property name="java.library.path" value="C:\Program Files\Amazon Corretto\jdk11.0.15_9\bin;C:\WINDOWS\Sun\Java\bin;C:\WINDOWS\system32;C:\WINDOWS;C:\Program Files\Amazon Corretto\jdk11.0.15_9\bin;C:\Program Files\Amazon Corretto\jdk11.0.10_9\bin;C:\Program Files (x86)\Common Files\Intel\Shared Libraries\redist\intel64\compiler;C:\Windows\system32;C:\Windows;C:\Windows\System32\Wbem;C:\Windows\System32\WindowsPowerShell\v1.0\;C:\Windows\System32\OpenSSH\;C:\Program Files\NVIDIA Corporation\NVIDIA NvDLISR;C:\WINDOWS\system32;C:\WINDOWS;C:\WINDOWS\System32\Wbem;C:\WINDOWS\System32\WindowsPowerShell\v1.0\;C:\WINDOWS\System32\OpenSSH\;C:\Program Files\Common Files\Autodesk Shared\;C:\Program Files\Microsoft SQL Server\120\Tools\Binn\;C:\Program Files\nodejs\;C:\apache-maven-3.8.6\bin;C:\Program Files\Git\cmd;C:\Program Files\Git\mingw64\bin;C:\Program Files\Git\usr\bin;C:\Users\Евгений\AppData\Local\Microsoft\WindowsApps;C:\Users\Евгений\AppData\Roaming\npm;C:\WebDriver\bin;C:\Users\Евгений\Downloads\allure-commandline-2.20.1\bin;;."/>
    <property name="java.vm.info" value="mixed mode"/>
    <property name="java.vendor" value="Amazon.com Inc."/>
    <property name="java.vm.version" value="11.0.15+9-LTS"/>
    <property name="sun.io.unicode.encoding" value="UnicodeLittle"/>
    <property name="java.class.version" value="55.0"/>
  </properties>
  <testcase name="loginUserTest" classname="praktikum.LoginUserTest" time="0.157">
    <failure message="1 expectation failed.&#10;Expected status code &lt;200&gt; but was &lt;401&gt;.&#10;" type="java.lang.AssertionError"><![CDATA[java.lang.AssertionError: 
1 expectation failed.
Expected status code <200> but was <401>.

	at praktikum.LoginUserTest.loginUserTest(LoginUserTest.java:40)
]]></failure>
    <system-out><![CDATA[Request method:	POST
Request URI:	https://stellarburgers.nomoreparties.site/api/auth/register
Proxy:			<none>
Request params:	<none>
Query params:	<none>
Form params:	<none>
Path params:	<none>
Headers:		Accept=*/*
				Content-Type=application/json
Cookies:		<none>
Multiparts:		<none>
Body:
{
    "email": "zQVe3eacHH@9yV7SONrnQ.viJ3DAKxrK",
    "password": "EKOZqHmhyW",
    "name": "Orixwp4sT5"
}
HTTP/1.1 429 Too Many Requests
Date: Sat, 17 Dec 2022 09:44:25 GMT
Content-Type: text/html
Transfer-Encoding: chunked
Connection: keep-alive
CF-Cache-Status: DYNAMIC
Report-To: {"endpoints":[{"url":"https:\/\/a.nel.cloudflare.com\/report\/v3?s=8NlVcV7Vg%2FV81EEmEjSoqd4EqScmZG6GX6lZu6F525Fx%2BCkO4tzEjJFZ7gOD72Iam72aZyMbX6g60M%2F7qFiDCFDO8lomKk0Axx397yMpJLq28ovP6GmuJKbC%2BjGjTvioTBOvtrruhqbYyaYRTUBhrjjeqno%3D"}],"group":"cf-nel","max_age":604800}
NEL: {"success_fraction":0,"report_to":"cf-nel","max_age":604800}
Server: cloudflare
CF-RAY: 77aeb8569d3bac0b-KLD
alt-svc: h3=":443"; ma=86400, h3-29=":443"; ma=86400

<html>
  <head>
    <title>429 Too Many Requests</title>
  </head>
  <body>
    <center>
      <h1>429 Too Many Requests</h1>
    </center>
    <hr/>
    <center>nginx/1.18.0 (Ubuntu)</center>
  </body>
</html>
Request method:	POST
Request URI:	https://stellarburgers.nomoreparties.site/api/auth/login
Proxy:			<none>
Request params:	<none>
Query params:	<none>
Form params:	<none>
Path params:	<none>
Headers:		Accept=*/*
				Content-Type=application/json
Cookies:		<none>
Multiparts:		<none>
Body:
{
    "email": "zQVe3eacHH@9yV7SONrnQ.viJ3DAKxrK",
    "password": "EKOZqHmhyW"
}
HTTP/1.1 401 Unauthorized
Date: Sat, 17 Dec 2022 09:44:25 GMT
Content-Type: application/json; charset=utf-8
Content-Length: 61
Connection: keep-alive
X-Powered-By: Express
Access-Control-Allow-Origin: *
ETag: W/"3d-ad9nrqlzQBuoZ0AId1U3rIgKU84"
CF-Cache-Status: DYNAMIC
Report-To: {"endpoints":[{"url":"https:\/\/a.nel.cloudflare.com\/report\/v3?s=0uyX8WHAubV9XqpRKJjPy4YeI1uU61EWKJVXEXro7PRjfT6Y8GraNIydq9QXhxJkK2uSnEpmOWJwELKs4vG4OLTplrgHyi%2FC6ciw8sqBppIv1qCJBVJDnmvOpS56e0fBNuG5W7hwFEkeXZMSWLTH%2Fakk0gQ%3D"}],"group":"cf-nel","max_age":604800}
NEL: {"success_fraction":0,"report_to":"cf-nel","max_age":604800}
Server: cloudflare
CF-RAY: 77aeb8571f0babf3-KLD
alt-svc: h3=":443"; ma=86400, h3-29=":443"; ma=86400

{
    "success": false,
    "message": "email or password are incorrect"
}
]]></system-out>
  </testcase>
  <testcase name="updateUserTest" classname="praktikum.LoginUserTest" time="0.285">
    <error message="class io.restassured.path.xml.XmlPath cannot be cast to class java.lang.String (io.restassured.path.xml.XmlPath is in unnamed module of loader &apos;app&apos;; java.lang.String is in module java.base of loader &apos;bootstrap&apos;)" type="java.lang.ClassCastException">java.lang.ClassCastException: class io.restassured.path.xml.XmlPath cannot be cast to class java.lang.String (io.restassured.path.xml.XmlPath is in unnamed module of loader 'app'; java.lang.String is in module java.base of loader 'bootstrap')
	at praktikum.LoginUserTest.updateUserTest(LoginUserTest.java:55)
</error>
    <system-out><![CDATA[Request method:	POST
Request URI:	https://stellarburgers.nomoreparties.site/api/auth/register
Proxy:			<none>
Request params:	<none>
Query params:	<none>
Form params:	<none>
Path params:	<none>
Headers:		Accept=*/*
				Content-Type=application/json
Cookies:		<none>
Multiparts:		<none>
Body:
{
    "email": "Ym2Iy85Bdn@unGb3dLiRh.kASvXghxI2",
    "password": "eg5lQc4ts6",
    "name": "GI9Q72NmEV"
}
HTTP/1.1 200 OK
Date: Sat, 17 Dec 2022 09:44:25 GMT
Content-Type: application/json; charset=utf-8
Transfer-Encoding: chunked
Connection: keep-alive
X-Powered-By: Express
Access-Control-Allow-Origin: *
authorization: Bearer eyJhbGciOiJIUzI1NiIsInR5cCI6IkpXVCJ9.eyJpZCI6IjYzOWQ4Zjc5YzE2MWRhMDAxYjc5ZWFmYyIsImlhdCI6MTY3MTI3MDI2NSwiZXhwIjoxNjcxMjcxNDY1fQ.Qkftc88n7mJokD0yPVp-nRKIb34bNWVAUllG1tHs6Yk
ETag: W/"17d-5EkCscvCgCKACBS6pkMY4Qckxx0"
CF-Cache-Status: DYNAMIC
Report-To: {"endpoints":[{"url":"https:\/\/a.nel.cloudflare.com\/report\/v3?s=yBtaHsPYtTNJ7yiTYyB89QjvTavZI4HksYtwU4qZkAtNmi2ZVZdCaDEfN2Frd2DlHHJhgwa0iJmKXSJdSUj74kuM%2BvxRsigICc8gxbrc3ImSefFOzc%2FBwjEjR9kIpe6NahlIwvC5pcLsbqFFeGwO9Y%2FErCQ%3D"}],"group":"cf-nel","max_age":604800}
NEL: {"success_fraction":0,"report_to":"cf-nel","max_age":604800}
Server: cloudflare
CF-RAY: 77aeb857ab2aabfe-KLD
Content-Encoding: gzip
alt-svc: h3=":443"; ma=86400, h3-29=":443"; ma=86400

{
    "success": true,
    "user": {
        "email": "ym2iy85bdn@ungb3dlirh.kasvxghxi2",
        "name": "GI9Q72NmEV"
    },
    "accessToken": "Bearer eyJhbGciOiJIUzI1NiIsInR5cCI6IkpXVCJ9.eyJpZCI6IjYzOWQ4Zjc5YzE2MWRhMDAxYjc5ZWFmYyIsImlhdCI6MTY3MTI3MDI2NSwiZXhwIjoxNjcxMjcxNDY1fQ.Qkftc88n7mJokD0yPVp-nRKIb34bNWVAUllG1tHs6Yk",
    "refreshToken": "46b347d76883ea9413b608157f481aeacc016d28648bc67a6539a7884e92359b145962fe3115c30d"
}
Request method:	POST
Request URI:	https://stellarburgers.nomoreparties.site/api/auth/login
Proxy:			<none>
Request params:	<none>
Query params:	<none>
Form params:	<none>
Path params:	<none>
Headers:		Accept=*/*
				Content-Type=application/json
Cookies:		<none>
Multiparts:		<none>
Body:
{
    "email": "Ym2Iy85Bdn@unGb3dLiRh.kASvXghxI2",
    "password": "eg5lQc4ts6"
}
HTTP/1.1 429 Too Many Requests
Date: Sat, 17 Dec 2022 09:44:25 GMT
Content-Type: text/html
Transfer-Encoding: chunked
Connection: keep-alive
CF-Cache-Status: DYNAMIC
Report-To: {"endpoints":[{"url":"https:\/\/a.nel.cloudflare.com\/report\/v3?s=bu1R5%2F9vHzzuzlllw2AMkwj16xjh4ShOk7S1EriULqGBNvCyrn%2BsWcTUvsocqkN9K9YiQyIn4MenXa1RYQ7UvaA4YzQk9%2BaDo%2Fp2nRRHKoHn3EhR6K%2BmGpi2G3szaTPLo1eECz%2F26dfw9RNN94CpiGgJQhA%3D"}],"group":"cf-nel","max_age":604800}
NEL: {"success_fraction":0,"report_to":"cf-nel","max_age":604800}
Server: cloudflare
CF-RAY: 77aeb858b8ffac0b-KLD
alt-svc: h3=":443"; ma=86400, h3-29=":443"; ma=86400

<html>
  <head>
    <title>429 Too Many Requests</title>
  </head>
  <body>
    <center>
      <h1>429 Too Many Requests</h1>
    </center>
    <hr/>
    <center>nginx/1.18.0 (Ubuntu)</center>
  </body>
</html>
]]></system-out>
  </testcase>
  <testcase name="loginNotFoundUserTest" classname="praktikum.LoginUserTest" time="0.113">
    <failure message="1 expectation failed.&#10;Expected status code &lt;401&gt; but was &lt;429&gt;.&#10;" type="java.lang.AssertionError"><![CDATA[java.lang.AssertionError: 
1 expectation failed.
Expected status code <401> but was <429>.

	at praktikum.LoginUserTest.loginNotFoundUserTest(LoginUserTest.java:48)
]]></failure>
    <system-out><![CDATA[Request method:	POST
Request URI:	https://stellarburgers.nomoreparties.site/api/auth/login
Proxy:			<none>
Request params:	<none>
Query params:	<none>
Form params:	<none>
Path params:	<none>
Headers:		Accept=*/*
				Content-Type=application/json
Cookies:		<none>
Multiparts:		<none>
Body:
{
    "email": "RfmqxKEFHq@LCEfY1c8At.QBP2Zjw58M",
    "password": "tSij2W7adu"
}
HTTP/1.1 429 Too Many Requests
Date: Sat, 17 Dec 2022 09:44:25 GMT
Content-Type: text/html
Transfer-Encoding: chunked
Connection: keep-alive
CF-Cache-Status: DYNAMIC
Report-To: {"endpoints":[{"url":"https:\/\/a.nel.cloudflare.com\/report\/v3?s=yzx9PSyM3fK0dO31KDHkfethuBizPhEKDXHf4sQuB%2FM7gKEP%2BbuFsnzKOyOJBeC5raWXGCwR3JN4eh%2FtPbiYBDT5YJkrbV9WoyEKL3w7iLFHyWThkQeKzzUkWuHrrjnn8KVUo%2B9r0aGUMXDYcevFZQx9Mms%3D"}],"group":"cf-nel","max_age":604800}
NEL: {"success_fraction":0,"report_to":"cf-nel","max_age":604800}
Server: cloudflare
CF-RAY: 77aeb8599c87ac0a-KLD
alt-svc: h3=":443"; ma=86400, h3-29=":443"; ma=86400

<html>
  <head>
    <title>429 Too Many Requests</title>
  </head>
  <body>
    <center>
      <h1>429 Too Many Requests</h1>
    </center>
    <hr/>
    <center>nginx/1.18.0 (Ubuntu)</center>
  </body>
</html>
]]></system-out>
  </testcase>
  <testcase name="updateUserNoAuthTest" classname="praktikum.LoginUserTest" time="0.347"/>
</testsuite>